<?xml version="1.0" encoding="UTF-8"?>
<beans xmlns="http://www.springframework.org/schema/beans"
	xmlns:security="http://www.springframework.org/schema/security"
	xmlns:xsi="http://www.w3.org/2001/XMLSchema-instance"
	xsi:schemaLocation="http://www.springframework.org/schema/beans
          http://www.springframework.org/schema/beans/spring-beans-3.0.xsd">

	<bean id="urls" class="com.dddtri3.checker.bean.impl.UrlsImpl" lazy-init="true">
		<constructor-arg name="file"><ref bean="csvFile"/></constructor-arg>
	</bean>
	<bean id="csvFile" class="java.io.File" lazy-init="true">
		<constructor-arg type="String"><value>src/test/resources/urls.csv</value></constructor-arg>
	</bean>
</beans>